\BOOKMARK [1][-]{section*.1}{Abbildungsverzeichnis}{}% 1
\BOOKMARK [1][-]{section*.2}{Tabellenverzeichnis}{}% 2
\BOOKMARK [1][-]{section*.3}{Abk\374rzungsverzeichnis}{}% 3
\BOOKMARK [1][-]{section.1}{Einleitung}{}% 4
\BOOKMARK [1][-]{section.2}{Aktueller wissenschaftlicher Stand}{}% 5
\BOOKMARK [2][-]{subsection.2.1}{Subsection 1}{section.2}% 6
\BOOKMARK [3][-]{subsubsection.2.1.1}{Subsubsection 1}{subsection.2.1}% 7
\BOOKMARK [3][-]{subsubsection.2.1.2}{Subsubsection 2}{subsection.2.1}% 8
\BOOKMARK [2][-]{subsection.2.2}{Subsection 2}{section.2}% 9
\BOOKMARK [1][-]{section.3}{Methoden}{}% 10
\BOOKMARK [2][-]{subsection.3.1}{Methoden Subsection 1}{section.3}% 11
\BOOKMARK [3][-]{subsubsection.3.1.1}{Methoden Subsubsection 1}{subsection.3.1}% 12
\BOOKMARK [3][-]{subsubsection.3.1.2}{Methoden Subsubsection 2}{subsection.3.1}% 13
\BOOKMARK [2][-]{subsection.3.2}{Methoden Subsection 2}{section.3}% 14
\BOOKMARK [1][-]{section.4}{Ergebnisse}{}% 15
\BOOKMARK [2][-]{subsection.4.1}{Ergebnisse Subsection 1}{section.4}% 16
\BOOKMARK [3][-]{subsubsection.4.1.1}{Ergebnisse Subsubsection 1}{subsection.4.1}% 17
\BOOKMARK [3][-]{subsubsection.4.1.2}{Ergebnisse Subsubsection 2}{subsection.4.1}% 18
\BOOKMARK [2][-]{subsection.4.2}{Ergebnisse Subsection 2}{section.4}% 19
\BOOKMARK [1][-]{section.5}{Diskussion}{}% 20
\BOOKMARK [2][-]{subsection.5.1}{Diskussion Subsection 1}{section.5}% 21
\BOOKMARK [3][-]{subsubsection.5.1.1}{Diskussion Subsubsection 1}{subsection.5.1}% 22
\BOOKMARK [3][-]{subsubsection.5.1.2}{Diskussion Subsubsection 2}{subsection.5.1}% 23
\BOOKMARK [2][-]{subsection.5.2}{Diskussion Subsection 2}{section.5}% 24
\BOOKMARK [1][-]{section*.5}{Literaturverzeichnis}{}% 25
